<?xml version="1.0" encoding="UTF-8"?>
<testng-results skipped="0" failed="0" ignored="0" total="1" passed="1">
  <reporter-output>
  </reporter-output>
  <suite name="Default suite" duration-ms="6349" started-at="2018-06-13T02:50:47Z" finished-at="2018-06-13T02:50:53Z">
    <groups>
    </groups>
    <test name="Default test" duration-ms="6349" started-at="2018-06-13T02:50:47Z" finished-at="2018-06-13T02:50:53Z">
      <class name="cross.CrossBrowser">
        <test-method status="PASS" signature="beforeMethod(java.lang.String)[pri:0, instance:cross.CrossBrowser@59f99ea]" name="beforeMethod" is-config="true" duration-ms="2829" started-at="2018-06-13T02:50:47Z" finished-at="2018-06-13T02:50:50Z">
          <params>
            <param index="0">
              <value>
                <![CDATA[Chrome]]>
              </value>
            </param>
          </params>
          <reporter-output>
          </reporter-output>
        </test-method> <!-- beforeMethod -->
        <test-method status="PASS" signature="TestPopUp()[pri:0, instance:cross.CrossBrowser@59f99ea]" name="TestPopUp" duration-ms="3410" started-at="2018-06-13T02:50:50Z" finished-at="2018-06-13T02:50:53Z">
          <reporter-output>
          </reporter-output>
        </test-method> <!-- TestPopUp -->
        <test-method status="PASS" signature="afterMethod()[pri:0, instance:cross.CrossBrowser@59f99ea]" name="afterMethod" is-config="true" duration-ms="88" started-at="2018-06-13T02:50:53Z" finished-at="2018-06-13T02:50:53Z">
          <reporter-output>
          </reporter-output>
        </test-method> <!-- afterMethod -->
      </class> <!-- cross.CrossBrowser -->
    </test> <!-- Default test -->
  </suite> <!-- Default suite -->
</testng-results>
